# JRE version: OpenJDK Runtime Environment Temurin-17.0.7+7 (17.0.7+7) (build 17.0.7+7)
# Java VM: OpenJDK 64-Bit Server VM Temurin-17.0.7+7 (17.0.7+7, mixed mode, tiered, compressed oops, compressed class ptrs, parallel gc, windows-amd64)
GC Precious Log:
 CPUs: 12 total, 12 available
 Memory: 8012M
 Large Page Support: Disabled
 NUMA Support: Disabled
 Compressed Oops: Enabled (32-bit)
 Alignments: Space 512K, Generation 512K, Heap 2M
 Heap Min Capacity: 100M
 Heap Initial Capacity: 100M
 Heap Max Capacity: 1G
 Pre-touch: Disabled
 Parallel Workers: 10
Heap:
 PSYoungGen      total 22528K, used 13054K [0x00000000eab00000, 0x00000000ec880000, 0x0000000100000000)
  eden space 20992K, 54% used [0x00000000eab00000,0x00000000eb643a90,0x00000000ebf80000)
  from space 1536K, 98% used [0x00000000ec380000,0x00000000ec4fbe48,0x00000000ec500000)
  to   space 4096K, 0% used [0x00000000ebf80000,0x00000000ebf80000,0x00000000ec380000)
 ParOldGen       total 68608K, used 17834K [0x00000000c0000000, 0x00000000c4300000, 0x00000000eab00000)
  object space 68608K, 25% used [0x00000000c0000000,0x00000000c116a810,0x00000000c4300000)
 Metaspace       used 50802K, committed 51648K, reserved 1114112K
  class space    used 5609K, committed 5952K, reserved 1048576K
GC Heap History (20 events):
Event: 2.493 GC heap before
{Heap before GC invocations=7 (full 1):
 PSYoungGen      total 27648K, used 27418K [0x00000000eab00000, 0x00000000eca80000, 0x0000000100000000)
  eden space 25088K, 100% used [0x00000000eab00000,0x00000000ec380000,0x00000000ec380000)
  from space 2560K, 91% used [0x00000000ec400000,0x00000000ec6468b0,0x00000000ec680000)
  to   space 3584K, 0% used [0x00000000ec700000,0x00000000ec700000,0x00000000eca80000)
 ParOldGen       total 68608K, used 8386K [0x00000000c0000000, 0x00000000c4300000, 0x00000000eab00000)
  object space 68608K, 12% used [0x00000000c0000000,0x00000000c0830bc0,0x00000000c4300000)
 Metaspace       used 27479K, committed 28160K, reserved 1114112K
  class space    used 2767K, committed 3072K, reserved 1048576K
}
Event: 2.495 GC heap after
{Heap after GC invocations=7 (full 1):
 PSYoungGen      total 27648K, used 3063K [0x00000000eab00000, 0x00000000eca00000, 0x0000000100000000)
  eden space 24576K, 0% used [0x00000000eab00000,0x00000000eab00000,0x00000000ec300000)
  from space 3072K, 99% used [0x00000000ec700000,0x00000000ec9fdcd8,0x00000000eca00000)
  to   space 3584K, 0% used [0x00000000ec300000,0x00000000ec300000,0x00000000ec680000)
 ParOldGen       total 68608K, used 8394K [0x00000000c0000000, 0x00000000c4300000, 0x00000000eab00000)
  object space 68608K, 12% used [0x00000000c0000000,0x00000000c0832bc0,0x00000000c4300000)
 Metaspace       used 27479K, committed 28160K, reserved 1114112K
  class space    used 2767K, committed 3072K, reserved 1048576K
}
Event: 2.636 GC heap before
{Heap before GC invocations=8 (full 1):
 PSYoungGen      total 27648K, used 27639K [0x00000000eab00000, 0x00000000eca00000, 0x0000000100000000)
  eden space 24576K, 100% used [0x00000000eab00000,0x00000000ec300000,0x00000000ec300000)
  from space 3072K, 99% used [0x00000000ec700000,0x00000000ec9fdcd8,0x00000000eca00000)
  to   space 3584K, 0% used [0x00000000ec300000,0x00000000ec300000,0x00000000ec680000)
 ParOldGen       total 68608K, used 8394K [0x00000000c0000000, 0x00000000c4300000, 0x00000000eab00000)
  object space 68608K, 12% used [0x00000000c0000000,0x00000000c0832bc0,0x00000000c4300000)
 Metaspace       used 30074K, committed 30720K, reserved 1114112K
  class space    used 2967K, committed 3264K, reserved 1048576K
}
Event: 2.638 GC heap after
{Heap after GC invocations=8 (full 1):
 PSYoungGen      total 27648K, used 3247K [0x00000000eab00000, 0x00000000ec980000, 0x0000000100000000)
  eden space 24064K, 0% used [0x00000000eab00000,0x00000000eab00000,0x00000000ec280000)
  from space 3584K, 90% used [0x00000000ec300000,0x00000000ec62bd68,0x00000000ec680000)
  to   space 3072K, 0% used [0x00000000ec680000,0x00000000ec680000,0x00000000ec980000)
 ParOldGen       total 68608K, used 8402K [0x00000000c0000000, 0x00000000c4300000, 0x00000000eab00000)
  object space 68608K, 12% used [0x00000000c0000000,0x00000000c0834bc0,0x00000000c4300000)
 Metaspace       used 30074K, committed 30720K, reserved 1114112K
  class space    used 2967K, committed 3264K, reserved 1048576K
}
Event: 3.064 GC heap before
{Heap before GC invocations=9 (full 1):
 PSYoungGen      total 27648K, used 27311K [0x00000000eab00000, 0x00000000ec980000, 0x0000000100000000)
  eden space 24064K, 100% used [0x00000000eab00000,0x00000000ec280000,0x00000000ec280000)
  from space 3584K, 90% used [0x00000000ec300000,0x00000000ec62bd68,0x00000000ec680000)
  to   space 3072K, 0% used [0x00000000ec680000,0x00000000ec680000,0x00000000ec980000)
 ParOldGen       total 68608K, used 8402K [0x00000000c0000000, 0x00000000c4300000, 0x00000000eab00000)
  object space 68608K, 12% used [0x00000000c0000000,0x00000000c0834bc0,0x00000000c4300000)
 Metaspace       used 33371K, committed 34048K, reserved 1114112K
  class space    used 3340K, committed 3648K, reserved 1048576K
}
Event: 3.067 GC heap after
{Heap after GC invocations=9 (full 1):
 PSYoungGen      total 26624K, used 3059K [0x00000000eab00000, 0x00000000ecb00000, 0x0000000100000000)
  eden space 23552K, 0% used [0x00000000eab00000,0x00000000eab00000,0x00000000ec200000)
  from space 3072K, 99% used [0x00000000ec680000,0x00000000ec97cfe8,0x00000000ec980000)
  to   space 4608K, 0% used [0x00000000ec200000,0x00000000ec200000,0x00000000ec680000)
 ParOldGen       total 68608K, used 9661K [0x00000000c0000000, 0x00000000c4300000, 0x00000000eab00000)
  object space 68608K, 14% used [0x00000000c0000000,0x00000000c096f488,0x00000000c4300000)
 Metaspace       used 33371K, committed 34048K, reserved 1114112K
  class space    used 3340K, committed 3648K, reserved 1048576K
}
Event: 3.274 GC heap before
{Heap before GC invocations=10 (full 1):
 PSYoungGen      total 26624K, used 15577K [0x00000000eab00000, 0x00000000ecb00000, 0x0000000100000000)
  eden space 23552K, 53% used [0x00000000eab00000,0x00000000eb7397c8,0x00000000ec200000)
  from space 3072K, 99% used [0x00000000ec680000,0x00000000ec97cfe8,0x00000000ec980000)
  to   space 4608K, 0% used [0x00000000ec200000,0x00000000ec200000,0x00000000ec680000)
 ParOldGen       total 68608K, used 9661K [0x00000000c0000000, 0x00000000c4300000, 0x00000000eab00000)
  object space 68608K, 14% used [0x00000000c0000000,0x00000000c096f488,0x00000000c4300000)
 Metaspace       used 35128K, committed 35840K, reserved 1114112K
  class space    used 3556K, committed 3904K, reserved 1048576K
}
Event: 3.277 GC heap after
{Heap after GC invocations=10 (full 1):
 PSYoungGen      total 25600K, used 2045K [0x00000000eab00000, 0x00000000ec800000, 0x0000000100000000)
  eden space 23552K, 0% used [0x00000000eab00000,0x00000000eab00000,0x00000000ec200000)
  from space 2048K, 99% used [0x00000000ec200000,0x00000000ec3ff5f0,0x00000000ec400000)
  to   space 3072K, 0% used [0x00000000ec500000,0x00000000ec500000,0x00000000ec800000)
 ParOldGen       total 68608K, used 11730K [0x00000000c0000000, 0x00000000c4300000, 0x00000000eab00000)
  object space 68608K, 17% used [0x00000000c0000000,0x00000000c0b748c8,0x00000000c4300000)
 Metaspace       used 35128K, committed 35840K, reserved 1114112K
  class space    used 3556K, committed 3904K, reserved 1048576K
}
Event: 3.277 GC heap before
{Heap before GC invocations=11 (full 2):
 PSYoungGen      total 25600K, used 2045K [0x00000000eab00000, 0x00000000ec800000, 0x0000000100000000)
  eden space 23552K, 0% used [0x00000000eab00000,0x00000000eab00000,0x00000000ec200000)
  from space 2048K, 99% used [0x00000000ec200000,0x00000000ec3ff5f0,0x00000000ec400000)
  to   space 3072K, 0% used [0x00000000ec500000,0x00000000ec500000,0x00000000ec800000)
 ParOldGen       total 68608K, used 11730K [0x00000000c0000000, 0x00000000c4300000, 0x00000000eab00000)
  object space 68608K, 17% used [0x00000000c0000000,0x00000000c0b748c8,0x00000000c4300000)
 Metaspace       used 35128K, committed 35840K, reserved 1114112K
  class space    used 3556K, committed 3904K, reserved 1048576K
}
Event: 3.307 GC heap after
{Heap after GC invocations=11 (full 2):
 PSYoungGen      total 25600K, used 0K [0x00000000eab00000, 0x00000000ec800000, 0x0000000100000000)
  eden space 23552K, 0% used [0x00000000eab00000,0x00000000eab00000,0x00000000ec200000)
  from space 2048K, 0% used [0x00000000ec200000,0x00000000ec200000,0x00000000ec400000)
  to   space 3072K, 0% used [0x00000000ec500000,0x00000000ec500000,0x00000000ec800000)
 ParOldGen       total 68608K, used 13346K [0x00000000c0000000, 0x00000000c4300000, 0x00000000eab00000)
  object space 68608K, 19% used [0x00000000c0000000,0x00000000c0d089a0,0x00000000c4300000)
 Metaspace       used 35128K, committed 35840K, reserved 1114112K
  class space    used 3556K, committed 3904K, reserved 1048576K
}
Event: 3.523 GC heap before
{Heap before GC invocations=12 (full 2):
 PSYoungGen      total 25600K, used 23552K [0x00000000eab00000, 0x00000000ec800000, 0x0000000100000000)
  eden space 23552K, 100% used [0x00000000eab00000,0x00000000ec200000,0x00000000ec200000)
  from space 2048K, 0% used [0x00000000ec200000,0x00000000ec200000,0x00000000ec400000)
  to   space 3072K, 0% used [0x00000000ec500000,0x00000000ec500000,0x00000000ec800000)
 ParOldGen       total 68608K, used 13346K [0x00000000c0000000, 0x00000000c4300000, 0x00000000eab00000)
  object space 68608K, 19% used [0x00000000c0000000,0x00000000c0d089a0,0x00000000c4300000)
 Metaspace       used 38654K, committed 39424K, reserved 1114112K
  class space    used 4046K, committed 4416K, reserved 1048576K
}
Event: 3.524 GC heap after
{Heap after GC invocations=12 (full 2):
 PSYoungGen      total 24064K, used 992K [0x00000000eab00000, 0x00000000ec600000, 0x0000000100000000)
  eden space 23040K, 0% used [0x00000000eab00000,0x00000000eab00000,0x00000000ec180000)
  from space 1024K, 96% used [0x00000000ec500000,0x00000000ec5f8000,0x00000000ec600000)
  to   space 1536K, 0% used [0x00000000ec300000,0x00000000ec300000,0x00000000ec480000)
 ParOldGen       total 68608K, used 13354K [0x00000000c0000000, 0x00000000c4300000, 0x00000000eab00000)
  object space 68608K, 19% used [0x00000000c0000000,0x00000000c0d0a9a0,0x00000000c4300000)
 Metaspace       used 38654K, committed 39424K, reserved 1114112K
  class space    used 4046K, committed 4416K, reserved 1048576K
}
Event: 3.785 GC heap before
{Heap before GC invocations=13 (full 2):
 PSYoungGen      total 24064K, used 24032K [0x00000000eab00000, 0x00000000ec600000, 0x0000000100000000)
  eden space 23040K, 100% used [0x00000000eab00000,0x00000000ec180000,0x00000000ec180000)
  from space 1024K, 96% used [0x00000000ec500000,0x00000000ec5f8000,0x00000000ec600000)
  to   space 1536K, 0% used [0x00000000ec300000,0x00000000ec300000,0x00000000ec480000)
 ParOldGen       total 68608K, used 13354K [0x00000000c0000000, 0x00000000c4300000, 0x00000000eab00000)
  object space 68608K, 19% used [0x00000000c0000000,0x00000000c0d0a9a0,0x00000000c4300000)
 Metaspace       used 40651K, committed 41408K, reserved 1114112K
  class space    used 4300K, committed 4672K, reserved 1048576K
}
Event: 3.787 GC heap after
{Heap after GC invocations=13 (full 2):
 PSYoungGen      total 24064K, used 896K [0x00000000eab00000, 0x00000000ec580000, 0x0000000100000000)
  eden space 22528K, 0% used [0x00000000eab00000,0x00000000eab00000,0x00000000ec100000)
  from space 1536K, 58% used [0x00000000ec300000,0x00000000ec3e0000,0x00000000ec480000)
  to   space 1024K, 0% used [0x00000000ec480000,0x00000000ec480000,0x00000000ec580000)
 ParOldGen       total 68608K, used 14153K [0x00000000c0000000, 0x00000000c4300000, 0x00000000eab00000)
  object space 68608K, 20% used [0x00000000c0000000,0x00000000c0dd24a0,0x00000000c4300000)
 Metaspace       used 40651K, committed 41408K, reserved 1114112K
  class space    used 4300K, committed 4672K, reserved 1048576K
}
Event: 4.050 GC heap before
{Heap before GC invocations=14 (full 2):
 PSYoungGen      total 24064K, used 23424K [0x00000000eab00000, 0x00000000ec580000, 0x0000000100000000)
  eden space 22528K, 100% used [0x00000000eab00000,0x00000000ec100000,0x00000000ec100000)
  from space 1536K, 58% used [0x00000000ec300000,0x00000000ec3e0000,0x00000000ec480000)
  to   space 1024K, 0% used [0x00000000ec480000,0x00000000ec480000,0x00000000ec580000)
 ParOldGen       total 68608K, used 14153K [0x00000000c0000000, 0x00000000c4300000, 0x00000000eab00000)
  object space 68608K, 20% used [0x00000000c0000000,0x00000000c0dd24a0,0x00000000c4300000)
 Metaspace       used 43376K, committed 44224K, reserved 1114112K
  class space    used 4661K, committed 5056K, reserved 1048576K
}
Event: 4.052 GC heap after
{Heap after GC invocations=14 (full 2):
 PSYoungGen      total 23040K, used 1024K [0x00000000eab00000, 0x00000000ec580000, 0x0000000100000000)
  eden space 22016K, 0% used [0x00000000eab00000,0x00000000eab00000,0x00000000ec080000)
  from space 1024K, 100% used [0x00000000ec480000,0x00000000ec580000,0x00000000ec580000)
  to   space 2048K, 0% used [0x00000000ec180000,0x00000000ec180000,0x00000000ec380000)
 ParOldGen       total 68608K, used 14897K [0x00000000c0000000, 0x00000000c4300000, 0x00000000eab00000)
  object space 68608K, 21% used [0x00000000c0000000,0x00000000c0e8c4a0,0x00000000c4300000)
 Metaspace       used 43376K, committed 44224K, reserved 1114112K
  class space    used 4661K, committed 5056K, reserved 1048576K
}
Event: 4.472 GC heap before
{Heap before GC invocations=15 (full 2):
 PSYoungGen      total 23040K, used 23040K [0x00000000eab00000, 0x00000000ec580000, 0x0000000100000000)
  eden space 22016K, 100% used [0x00000000eab00000,0x00000000ec080000,0x00000000ec080000)
  from space 1024K, 100% used [0x00000000ec480000,0x00000000ec580000,0x00000000ec580000)
  to   space 2048K, 0% used [0x00000000ec180000,0x00000000ec180000,0x00000000ec380000)
 ParOldGen       total 68608K, used 14897K [0x00000000c0000000, 0x00000000c4300000, 0x00000000eab00000)
  object space 68608K, 21% used [0x00000000c0000000,0x00000000c0e8c4a0,0x00000000c4300000)
 Metaspace       used 46188K, committed 47040K, reserved 1114112K
  class space    used 5040K, committed 5440K, reserved 1048576K
}
Event: 4.474 GC heap after
{Heap after GC invocations=15 (full 2):
 PSYoungGen      total 24064K, used 1376K [0x00000000eab00000, 0x00000000ec500000, 0x0000000100000000)
  eden space 22016K, 0% used [0x00000000eab00000,0x00000000eab00000,0x00000000ec080000)
  from space 2048K, 67% used [0x00000000ec180000,0x00000000ec2d8000,0x00000000ec380000)
  to   space 1536K, 0% used [0x00000000ec380000,0x00000000ec380000,0x00000000ec500000)
 ParOldGen       total 68608K, used 15880K [0x00000000c0000000, 0x00000000c4300000, 0x00000000eab00000)
  object space 68608K, 23% used [0x00000000c0000000,0x00000000c0f821a0,0x00000000c4300000)
 Metaspace       used 46188K, committed 47040K, reserved 1114112K
  class space    used 5040K, committed 5440K, reserved 1048576K
}
Event: 4.754 GC heap before
{Heap before GC invocations=16 (full 2):
 PSYoungGen      total 24064K, used 23392K [0x00000000eab00000, 0x00000000ec500000, 0x0000000100000000)
  eden space 22016K, 100% used [0x00000000eab00000,0x00000000ec080000,0x00000000ec080000)
  from space 2048K, 67% used [0x00000000ec180000,0x00000000ec2d8000,0x00000000ec380000)
  to   space 1536K, 0% used [0x00000000ec380000,0x00000000ec380000,0x00000000ec500000)
 ParOldGen       total 68608K, used 15880K [0x00000000c0000000, 0x00000000c4300000, 0x00000000eab00000)
  object space 68608K, 23% used [0x00000000c0000000,0x00000000c0f821a0,0x00000000c4300000)
 Metaspace       used 48963K, committed 49920K, reserved 1114112K
  class space    used 5382K, committed 5824K, reserved 1048576K
}
Event: 4.756 GC heap after
{Heap after GC invocations=16 (full 2):
 PSYoungGen      total 22528K, used 1519K [0x00000000eab00000, 0x00000000ec880000, 0x0000000100000000)
  eden space 20992K, 0% used [0x00000000eab00000,0x00000000eab00000,0x00000000ebf80000)
  from space 1536K, 98% used [0x00000000ec380000,0x00000000ec4fbe48,0x00000000ec500000)
  to   space 4096K, 0% used [0x00000000ebf80000,0x00000000ebf80000,0x00000000ec380000)
 ParOldGen       total 68608K, used 17834K [0x00000000c0000000, 0x00000000c4300000, 0x00000000eab00000)
  object space 68608K, 25% used [0x00000000c0000000,0x00000000c116a810,0x00000000c4300000)
 Metaspace       used 48963K, committed 49920K, reserved 1114112K
  class space    used 5382K, committed 5824K, reserved 1048576K
}

