# JRE version: OpenJDK Runtime Environment Temurin-17.0.7+7 (17.0.7+7) (build 17.0.7+7)
# Java VM: OpenJDK 64-Bit Server VM Temurin-17.0.7+7 (17.0.7+7, mixed mode, tiered, compressed oops, compressed class ptrs, parallel gc, windows-amd64)
GC Precious Log:
 CPUs: 12 total, 12 available
 Memory: 8012M
 Large Page Support: Disabled
 NUMA Support: Disabled
 Compressed Oops: Enabled (32-bit)
 Alignments: Space 512K, Generation 512K, Heap 2M
 Heap Min Capacity: 100M
 Heap Initial Capacity: 100M
 Heap Max Capacity: 1G
 Pre-touch: Disabled
 Parallel Workers: 10
Heap:
 PSYoungGen      total 23040K, used 7145K [0x00000000eab00000, 0x00000000ec880000, 0x0000000100000000)
  eden space 20992K, 24% used [0x00000000eab00000,0x00000000eb000348,0x00000000ebf80000)
  from space 2048K, 98% used [0x00000000ec380000,0x00000000ec57a160,0x00000000ec580000)
  to   space 4096K, 0% used [0x00000000ebf80000,0x00000000ebf80000,0x00000000ec380000)
 ParOldGen       total 68608K, used 17268K [0x00000000c0000000, 0x00000000c4300000, 0x00000000eab00000)
  object space 68608K, 25% used [0x00000000c0000000,0x00000000c10dd058,0x00000000c4300000)
 Metaspace       used 49970K, committed 50880K, reserved 1114112K
  class space    used 5507K, committed 5888K, reserved 1048576K
GC Heap History (20 events):
Event: 8.762 GC heap before
{Heap before GC invocations=7 (full 1):
 PSYoungGen      total 27648K, used 27453K [0x00000000eab00000, 0x00000000eca80000, 0x0000000100000000)
  eden space 25088K, 100% used [0x00000000eab00000,0x00000000ec380000,0x00000000ec380000)
  from space 2560K, 92% used [0x00000000ec400000,0x00000000ec64f440,0x00000000ec680000)
  to   space 3584K, 0% used [0x00000000ec700000,0x00000000ec700000,0x00000000eca80000)
 ParOldGen       total 68608K, used 8360K [0x00000000c0000000, 0x00000000c4300000, 0x00000000eab00000)
  object space 68608K, 12% used [0x00000000c0000000,0x00000000c082a370,0x00000000c4300000)
 Metaspace       used 27593K, committed 28224K, reserved 1114112K
  class space    used 2764K, committed 3008K, reserved 1048576K
}
Event: 8.764 GC heap after
{Heap after GC invocations=7 (full 1):
 PSYoungGen      total 27648K, used 2879K [0x00000000eab00000, 0x00000000eca00000, 0x0000000100000000)
  eden space 24576K, 0% used [0x00000000eab00000,0x00000000eab00000,0x00000000ec300000)
  from space 3072K, 93% used [0x00000000ec700000,0x00000000ec9cfd60,0x00000000eca00000)
  to   space 3072K, 0% used [0x00000000ec400000,0x00000000ec400000,0x00000000ec700000)
 ParOldGen       total 68608K, used 8368K [0x00000000c0000000, 0x00000000c4300000, 0x00000000eab00000)
  object space 68608K, 12% used [0x00000000c0000000,0x00000000c082c370,0x00000000c4300000)
 Metaspace       used 27593K, committed 28224K, reserved 1114112K
  class space    used 2764K, committed 3008K, reserved 1048576K
}
Event: 8.926 GC heap before
{Heap before GC invocations=8 (full 1):
 PSYoungGen      total 27648K, used 27455K [0x00000000eab00000, 0x00000000eca00000, 0x0000000100000000)
  eden space 24576K, 100% used [0x00000000eab00000,0x00000000ec300000,0x00000000ec300000)
  from space 3072K, 93% used [0x00000000ec700000,0x00000000ec9cfd60,0x00000000eca00000)
  to   space 3072K, 0% used [0x00000000ec400000,0x00000000ec400000,0x00000000ec700000)
 ParOldGen       total 68608K, used 8368K [0x00000000c0000000, 0x00000000c4300000, 0x00000000eab00000)
  object space 68608K, 12% used [0x00000000c0000000,0x00000000c082c370,0x00000000c4300000)
 Metaspace       used 30089K, committed 30784K, reserved 1114112K
  class space    used 2965K, committed 3264K, reserved 1048576K
}
Event: 8.927 GC heap after
{Heap after GC invocations=8 (full 1):
 PSYoungGen      total 27136K, used 3061K [0x00000000eab00000, 0x00000000ec980000, 0x0000000100000000)
  eden space 24064K, 0% used [0x00000000eab00000,0x00000000eab00000,0x00000000ec280000)
  from space 3072K, 99% used [0x00000000ec400000,0x00000000ec6fd590,0x00000000ec700000)
  to   space 2560K, 0% used [0x00000000ec700000,0x00000000ec700000,0x00000000ec980000)
 ParOldGen       total 68608K, used 8416K [0x00000000c0000000, 0x00000000c4300000, 0x00000000eab00000)
  object space 68608K, 12% used [0x00000000c0000000,0x00000000c0838370,0x00000000c4300000)
 Metaspace       used 30089K, committed 30784K, reserved 1114112K
  class space    used 2965K, committed 3264K, reserved 1048576K
}
Event: 9.457 GC heap before
{Heap before GC invocations=9 (full 1):
 PSYoungGen      total 27136K, used 27114K [0x00000000eab00000, 0x00000000ec980000, 0x0000000100000000)
  eden space 24064K, 99% used [0x00000000eab00000,0x00000000ec27d3b8,0x00000000ec280000)
  from space 3072K, 99% used [0x00000000ec400000,0x00000000ec6fd590,0x00000000ec700000)
  to   space 2560K, 0% used [0x00000000ec700000,0x00000000ec700000,0x00000000ec980000)
 ParOldGen       total 68608K, used 8416K [0x00000000c0000000, 0x00000000c4300000, 0x00000000eab00000)
  object space 68608K, 12% used [0x00000000c0000000,0x00000000c0838370,0x00000000c4300000)
 Metaspace       used 33308K, committed 33984K, reserved 1114112K
  class space    used 3328K, committed 3648K, reserved 1048576K
}
Event: 9.460 GC heap after
{Heap after GC invocations=9 (full 1):
 PSYoungGen      total 26112K, used 2543K [0x00000000eab00000, 0x00000000ecb00000, 0x0000000100000000)
  eden space 23552K, 0% used [0x00000000eab00000,0x00000000eab00000,0x00000000ec200000)
  from space 2560K, 99% used [0x00000000ec700000,0x00000000ec97be30,0x00000000ec980000)
  to   space 4608K, 0% used [0x00000000ec200000,0x00000000ec200000,0x00000000ec680000)
 ParOldGen       total 68608K, used 10027K [0x00000000c0000000, 0x00000000c4300000, 0x00000000eab00000)
  object space 68608K, 14% used [0x00000000c0000000,0x00000000c09cae00,0x00000000c4300000)
 Metaspace       used 33308K, committed 33984K, reserved 1114112K
  class space    used 3328K, committed 3648K, reserved 1048576K
}
Event: 9.754 GC heap before
{Heap before GC invocations=10 (full 1):
 PSYoungGen      total 26112K, used 14028K [0x00000000eab00000, 0x00000000ecb00000, 0x0000000100000000)
  eden space 23552K, 48% used [0x00000000eab00000,0x00000000eb637328,0x00000000ec200000)
  from space 2560K, 99% used [0x00000000ec700000,0x00000000ec97be30,0x00000000ec980000)
  to   space 4608K, 0% used [0x00000000ec200000,0x00000000ec200000,0x00000000ec680000)
 ParOldGen       total 68608K, used 10027K [0x00000000c0000000, 0x00000000c4300000, 0x00000000eab00000)
  object space 68608K, 14% used [0x00000000c0000000,0x00000000c09cae00,0x00000000c4300000)
 Metaspace       used 35129K, committed 35840K, reserved 1114112K
  class space    used 3568K, committed 3904K, reserved 1048576K
}
Event: 9.756 GC heap after
{Heap after GC invocations=10 (full 1):
 PSYoungGen      total 25088K, used 1335K [0x00000000eab00000, 0x00000000ec780000, 0x0000000100000000)
  eden space 23552K, 0% used [0x00000000eab00000,0x00000000eab00000,0x00000000ec200000)
  from space 1536K, 86% used [0x00000000ec200000,0x00000000ec34de98,0x00000000ec380000)
  to   space 2560K, 0% used [0x00000000ec500000,0x00000000ec500000,0x00000000ec780000)
 ParOldGen       total 68608K, used 11853K [0x00000000c0000000, 0x00000000c4300000, 0x00000000eab00000)
  object space 68608K, 17% used [0x00000000c0000000,0x00000000c0b93618,0x00000000c4300000)
 Metaspace       used 35129K, committed 35840K, reserved 1114112K
  class space    used 3568K, committed 3904K, reserved 1048576K
}
Event: 9.756 GC heap before
{Heap before GC invocations=11 (full 2):
 PSYoungGen      total 25088K, used 1335K [0x00000000eab00000, 0x00000000ec780000, 0x0000000100000000)
  eden space 23552K, 0% used [0x00000000eab00000,0x00000000eab00000,0x00000000ec200000)
  from space 1536K, 86% used [0x00000000ec200000,0x00000000ec34de98,0x00000000ec380000)
  to   space 2560K, 0% used [0x00000000ec500000,0x00000000ec500000,0x00000000ec780000)
 ParOldGen       total 68608K, used 11853K [0x00000000c0000000, 0x00000000c4300000, 0x00000000eab00000)
  object space 68608K, 17% used [0x00000000c0000000,0x00000000c0b93618,0x00000000c4300000)
 Metaspace       used 35129K, committed 35840K, reserved 1114112K
  class space    used 3568K, committed 3904K, reserved 1048576K
}
Event: 9.785 GC heap after
{Heap after GC invocations=11 (full 2):
 PSYoungGen      total 25088K, used 0K [0x00000000eab00000, 0x00000000ec780000, 0x0000000100000000)
  eden space 23552K, 0% used [0x00000000eab00000,0x00000000eab00000,0x00000000ec200000)
  from space 1536K, 0% used [0x00000000ec200000,0x00000000ec200000,0x00000000ec380000)
  to   space 2560K, 0% used [0x00000000ec500000,0x00000000ec500000,0x00000000ec780000)
 ParOldGen       total 68608K, used 12765K [0x00000000c0000000, 0x00000000c4300000, 0x00000000eab00000)
  object space 68608K, 18% used [0x00000000c0000000,0x00000000c0c77700,0x00000000c4300000)
 Metaspace       used 35129K, committed 35840K, reserved 1114112K
  class space    used 3568K, committed 3904K, reserved 1048576K
}
Event: 10.149 GC heap before
{Heap before GC invocations=12 (full 2):
 PSYoungGen      total 25088K, used 23547K [0x00000000eab00000, 0x00000000ec780000, 0x0000000100000000)
  eden space 23552K, 99% used [0x00000000eab00000,0x00000000ec1fec30,0x00000000ec200000)
  from space 1536K, 0% used [0x00000000ec200000,0x00000000ec200000,0x00000000ec380000)
  to   space 2560K, 0% used [0x00000000ec500000,0x00000000ec500000,0x00000000ec780000)
 ParOldGen       total 68608K, used 12765K [0x00000000c0000000, 0x00000000c4300000, 0x00000000eab00000)
  object space 68608K, 18% used [0x00000000c0000000,0x00000000c0c77700,0x00000000c4300000)
 Metaspace       used 37332K, committed 38080K, reserved 1114112K
  class space    used 3867K, committed 4224K, reserved 1048576K
}
Event: 10.150 GC heap after
{Heap after GC invocations=12 (full 2):
 PSYoungGen      total 24576K, used 1072K [0x00000000eab00000, 0x00000000ec680000, 0x0000000100000000)
  eden space 23040K, 0% used [0x00000000eab00000,0x00000000eab00000,0x00000000ec180000)
  from space 1536K, 69% used [0x00000000ec500000,0x00000000ec60c010,0x00000000ec680000)
  to   space 1536K, 0% used [0x00000000ec380000,0x00000000ec380000,0x00000000ec500000)
 ParOldGen       total 68608K, used 12773K [0x00000000c0000000, 0x00000000c4300000, 0x00000000eab00000)
  object space 68608K, 18% used [0x00000000c0000000,0x00000000c0c79700,0x00000000c4300000)
 Metaspace       used 37332K, committed 38080K, reserved 1114112K
  class space    used 3867K, committed 4224K, reserved 1048576K
}
Event: 10.387 GC heap before
{Heap before GC invocations=13 (full 2):
 PSYoungGen      total 24576K, used 24112K [0x00000000eab00000, 0x00000000ec680000, 0x0000000100000000)
  eden space 23040K, 100% used [0x00000000eab00000,0x00000000ec180000,0x00000000ec180000)
  from space 1536K, 69% used [0x00000000ec500000,0x00000000ec60c010,0x00000000ec680000)
  to   space 1536K, 0% used [0x00000000ec380000,0x00000000ec380000,0x00000000ec500000)
 ParOldGen       total 68608K, used 12773K [0x00000000c0000000, 0x00000000c4300000, 0x00000000eab00000)
  object space 68608K, 18% used [0x00000000c0000000,0x00000000c0c79700,0x00000000c4300000)
 Metaspace       used 40166K, committed 41024K, reserved 1114112K
  class space    used 4240K, committed 4608K, reserved 1048576K
}
Event: 10.389 GC heap after
{Heap after GC invocations=13 (full 2):
 PSYoungGen      total 24064K, used 1035K [0x00000000eab00000, 0x00000000ec580000, 0x0000000100000000)
  eden space 22528K, 0% used [0x00000000eab00000,0x00000000eab00000,0x00000000ec100000)
  from space 1536K, 67% used [0x00000000ec380000,0x00000000ec482d20,0x00000000ec500000)
  to   space 512K, 0% used [0x00000000ec500000,0x00000000ec500000,0x00000000ec580000)
 ParOldGen       total 68608K, used 13702K [0x00000000c0000000, 0x00000000c4300000, 0x00000000eab00000)
  object space 68608K, 19% used [0x00000000c0000000,0x00000000c0d61b90,0x00000000c4300000)
 Metaspace       used 40166K, committed 41024K, reserved 1114112K
  class space    used 4240K, committed 4608K, reserved 1048576K
}
Event: 10.625 GC heap before
{Heap before GC invocations=14 (full 2):
 PSYoungGen      total 24064K, used 23563K [0x00000000eab00000, 0x00000000ec580000, 0x0000000100000000)
  eden space 22528K, 99% used [0x00000000eab00000,0x00000000ec0fff78,0x00000000ec100000)
  from space 1536K, 67% used [0x00000000ec380000,0x00000000ec482d20,0x00000000ec500000)
  to   space 512K, 0% used [0x00000000ec500000,0x00000000ec500000,0x00000000ec580000)
 ParOldGen       total 68608K, used 13702K [0x00000000c0000000, 0x00000000c4300000, 0x00000000eab00000)
  object space 68608K, 19% used [0x00000000c0000000,0x00000000c0d61b90,0x00000000c4300000)
 Metaspace       used 43265K, committed 44160K, reserved 1114112K
  class space    used 4654K, committed 5056K, reserved 1048576K
}
Event: 10.627 GC heap after
{Heap after GC invocations=14 (full 2):
 PSYoungGen      total 22528K, used 512K [0x00000000eab00000, 0x00000000ec580000, 0x0000000100000000)
  eden space 22016K, 0% used [0x00000000eab00000,0x00000000eab00000,0x00000000ec080000)
  from space 512K, 100% used [0x00000000ec500000,0x00000000ec580000,0x00000000ec580000)
  to   space 2560K, 0% used [0x00000000ec080000,0x00000000ec080000,0x00000000ec300000)
 ParOldGen       total 68608K, used 15275K [0x00000000c0000000, 0x00000000c4300000, 0x00000000eab00000)
  object space 68608K, 22% used [0x00000000c0000000,0x00000000c0eeaf68,0x00000000c4300000)
 Metaspace       used 43265K, committed 44160K, reserved 1114112K
  class space    used 4654K, committed 5056K, reserved 1048576K
}
Event: 11.260 GC heap before
{Heap before GC invocations=15 (full 2):
 PSYoungGen      total 22528K, used 22528K [0x00000000eab00000, 0x00000000ec580000, 0x0000000100000000)
  eden space 22016K, 100% used [0x00000000eab00000,0x00000000ec080000,0x00000000ec080000)
  from space 512K, 100% used [0x00000000ec500000,0x00000000ec580000,0x00000000ec580000)
  to   space 2560K, 0% used [0x00000000ec080000,0x00000000ec080000,0x00000000ec300000)
 ParOldGen       total 68608K, used 15275K [0x00000000c0000000, 0x00000000c4300000, 0x00000000eab00000)
  object space 68608K, 22% used [0x00000000c0000000,0x00000000c0eeaf68,0x00000000c4300000)
 Metaspace       used 46176K, committed 47040K, reserved 1114112K
  class space    used 5028K, committed 5376K, reserved 1048576K
}
Event: 11.262 GC heap after
{Heap after GC invocations=15 (full 2):
 PSYoungGen      total 24576K, used 1440K [0x00000000eab00000, 0x00000000ec580000, 0x0000000100000000)
  eden space 22016K, 0% used [0x00000000eab00000,0x00000000eab00000,0x00000000ec080000)
  from space 2560K, 56% used [0x00000000ec080000,0x00000000ec1e8000,0x00000000ec300000)
  to   space 2048K, 0% used [0x00000000ec380000,0x00000000ec380000,0x00000000ec580000)
 ParOldGen       total 68608K, used 15827K [0x00000000c0000000, 0x00000000c4300000, 0x00000000eab00000)
  object space 68608K, 23% used [0x00000000c0000000,0x00000000c0f74ce8,0x00000000c4300000)
 Metaspace       used 46176K, committed 47040K, reserved 1114112K
  class space    used 5028K, committed 5376K, reserved 1048576K
}
Event: 11.786 GC heap before
{Heap before GC invocations=16 (full 2):
 PSYoungGen      total 24576K, used 23447K [0x00000000eab00000, 0x00000000ec580000, 0x0000000100000000)
  eden space 22016K, 99% used [0x00000000eab00000,0x00000000ec07dfd8,0x00000000ec080000)
  from space 2560K, 56% used [0x00000000ec080000,0x00000000ec1e8000,0x00000000ec300000)
  to   space 2048K, 0% used [0x00000000ec380000,0x00000000ec380000,0x00000000ec580000)
 ParOldGen       total 68608K, used 15827K [0x00000000c0000000, 0x00000000c4300000, 0x00000000eab00000)
  object space 68608K, 23% used [0x00000000c0000000,0x00000000c0f74ce8,0x00000000c4300000)
 Metaspace       used 49161K, committed 50048K, reserved 1114112K
  class space    used 5395K, committed 5760K, reserved 1048576K
}
Event: 11.790 GC heap after
{Heap after GC invocations=16 (full 2):
 PSYoungGen      total 23040K, used 2024K [0x00000000eab00000, 0x00000000ec880000, 0x0000000100000000)
  eden space 20992K, 0% used [0x00000000eab00000,0x00000000eab00000,0x00000000ebf80000)
  from space 2048K, 98% used [0x00000000ec380000,0x00000000ec57a160,0x00000000ec580000)
  to   space 4096K, 0% used [0x00000000ebf80000,0x00000000ebf80000,0x00000000ec380000)
 ParOldGen       total 68608K, used 17268K [0x00000000c0000000, 0x00000000c4300000, 0x00000000eab00000)
  object space 68608K, 25% used [0x00000000c0000000,0x00000000c10dd058,0x00000000c4300000)
 Metaspace       used 49161K, committed 50048K, reserved 1114112K
  class space    used 5395K, committed 5760K, reserved 1048576K
}

